 dfu-util -D kiibohd.dfu.bin 
dfu-util 0.9

Copyright 2005-2009 Weston Schmidt, Harald Welte and OpenMoko Inc.
Copyright 2010-2016 Tormod Volden and Stefan Schmidt
This program is Free Software and has ABSOLUTELY NO WARRANTY
Please report bugs to http://sourceforge.net/p/dfu-util/tickets/

Match vendor ID from file: 1c11
Match product ID from file: b007
Opening DFU capable USB device...
ID 1c11:b007
Run-time device DFU version 0110
Claiming USB DFU Interface...
Setting Alternate Setting #0 ...
Determining device status: state = dfuIDLE, status = 0
dfuIDLE, continuing
DFU mode device DFU version 0110
Device returned transfer size 1024
Copying data from PC to DFU device
Download	[=========================] 100%        56356 bytes
Download done.
state(7) = dfuMANIFEST, status(0) = No error condition is present
dfu-util: unable to read DFU status after completion
